{"uuid":"c12db32f-9528-4394-aff2-4b2431c51619","historyId":"c92d1de93aca4f32cd4878a4ee7b4a09","fullName":"com.automationexercisepom.tests.RegisterUser.registerUser","labels":[{"name":"package","value":"com.automationexercisepom.tests.RegisterUser"},{"name":"testClass","value":"com.automationexercisepom.tests.RegisterUser"},{"name":"testMethod","value":"registerUser"},{"name":"parentSuite","value":"Default Suite"},{"name":"suite","value":"AutomationExercisePom"},{"name":"subSuite","value":"com.automationexercisepom.tests.RegisterUser"},{"name":"host","value":"ELAMRANI"},{"name":"thread","value":"15128@ELAMRANI.main(1)"},{"name":"framework","value":"testng"},{"name":"language","value":"java"},{"name":"story","value":"Register User"},{"name":"epic","value":"Regression Tests"},{"name":"feature","value":"User"},{"name":"severity","value":"critical"}],"links":[],"name":"Test Case 1: Register User","status":"skipped","statusDetails":{"known":false,"muted":false,"flaky":false,"message":"Could not start a new session. Possible causes are invalid address of the remote server or browser start-up failure. \nHost info: host: 'ELAMRANI', ip: '192.168.1.238'","trace":"org.openqa.selenium.SessionNotCreatedException: Could not start a new session. Possible causes are invalid address of the remote server or browser start-up failure. \nHost info: host: 'ELAMRANI', ip: '192.168.1.238'\r\n\tat org.openqa.selenium.remote.RemoteWebDriver.execute(RemoteWebDriver.java:561)\r\n\tat org.openqa.selenium.remote.RemoteWebDriver.startSession(RemoteWebDriver.java:229)\r\n\tat org.openqa.selenium.remote.RemoteWebDriver.<init>(RemoteWebDriver.java:157)\r\n\tat org.openqa.selenium.firefox.FirefoxDriver.<init>(FirefoxDriver.java:130)\r\n\tat org.openqa.selenium.firefox.FirefoxDriver.<init>(FirefoxDriver.java:111)\r\n\tat com.automationexercisepom.utils.BrowserManager.doBrowserSetup(BrowserManager.java:30)\r\n\tat com.automationexercisepom.tests.TestBasic.setup(TestBasic.java:22)\r\n\tat java.base/jdk.internal.reflect.DirectMethodHandleAccessor.invoke(DirectMethodHandleAccessor.java:104)\r\n\tat java.base/java.lang.reflect.Method.invoke(Method.java:578)\r\n\tat org.testng.internal.invokers.MethodInvocationHelper.invokeMethod(MethodInvocationHelper.java:139)\r\n\tat org.testng.internal.invokers.MethodInvocationHelper.invokeMethodConsideringTimeout(MethodInvocationHelper.java:69)\r\n\tat org.testng.internal.invokers.ConfigInvoker.invokeConfigurationMethod(ConfigInvoker.java:361)\r\n\tat org.testng.internal.invokers.ConfigInvoker.invokeConfigurations(ConfigInvoker.java:296)\r\n\tat org.testng.internal.invokers.TestInvoker.runConfigMethods(TestInvoker.java:823)\r\n\tat org.testng.internal.invokers.TestInvoker.invokeMethod(TestInvoker.java:590)\r\n\tat org.testng.internal.invokers.TestInvoker.invokeTestMethod(TestInvoker.java:221)\r\n\tat org.testng.internal.invokers.MethodRunner.runInSequence(MethodRunner.java:50)\r\n\tat org.testng.internal.invokers.TestInvoker$MethodInvocationAgent.invoke(TestInvoker.java:969)\r\n\tat org.testng.internal.invokers.TestInvoker.invokeTestMethods(TestInvoker.java:194)\r\n\tat org.testng.internal.invokers.TestMethodWorker.invokeTestMethods(TestMethodWorker.java:148)\r\n\tat org.testng.internal.invokers.TestMethodWorker.run(TestMethodWorker.java:128)\r\n\tat java.base/java.util.ArrayList.forEach(ArrayList.java:1511)\r\n\tat org.testng.TestRunner.privateRun(TestRunner.java:829)\r\n\tat org.testng.TestRunner.run(TestRunner.java:602)\r\n\tat org.testng.SuiteRunner.runTest(SuiteRunner.java:437)\r\n\tat org.testng.SuiteRunner.runSequentially(SuiteRunner.java:431)\r\n\tat org.testng.SuiteRunner.privateRun(SuiteRunner.java:391)\r\n\tat org.testng.SuiteRunner.run(SuiteRunner.java:330)\r\n\tat org.testng.SuiteRunnerWorker.runSuite(SuiteRunnerWorker.java:52)\r\n\tat org.testng.SuiteRunnerWorker.run(SuiteRunnerWorker.java:95)\r\n\tat org.testng.TestNG.runSuitesSequentially(TestNG.java:1256)\r\n\tat org.testng.TestNG.runSuitesLocally(TestNG.java:1176)\r\n\tat org.testng.TestNG.runSuites(TestNG.java:1099)\r\n\tat org.testng.TestNG.run(TestNG.java:1067)\r\n\tat com.intellij.rt.testng.IDEARemoteTestNG.run(IDEARemoteTestNG.java:66)\r\n\tat com.intellij.rt.testng.RemoteTestNGStarter.main(RemoteTestNGStarter.java:105)\r\nCaused by: org.openqa.selenium.WebDriverException: Timed out waiting for driver process to start.\nBuild info: version: '4.8.0', revision: '267030adea'\nSystem info: os.name: 'Windows 10', os.arch: 'amd64', os.version: '10.0', java.version: '20.0.1'\nDriver info: driver.version: FirefoxDriver\r\n\tat org.openqa.selenium.remote.service.DriverService.start(DriverService.java:218)\r\n\tat org.openqa.selenium.remote.service.DriverCommandExecutor.execute(DriverCommandExecutor.java:98)\r\n\tat org.openqa.selenium.remote.RemoteWebDriver.execute(RemoteWebDriver.java:543)\r\n\t... 35 more\r\n"},"stage":"finished","description":"1. Launch browser\n2. Navigate to url 'http://automationexercise.com'\n3. Verify that home page is visible successfully\n4. Click on 'Signup / Login' button\n5. Verify 'New User Signup!' is visible\n6. Enter name and email address\n7. Click 'Signup' button\n8. Verify that 'ENTER ACCOUNT INFORMATION' is visible\n9. Fill details: Title, Name, Email, Password, Date of birth\n10. Select checkbox 'Sign up for our newsletter!'\n11. Select checkbox 'Receive special offers from our partners!'\n12. Fill details: First name, Last name, Company, Address, Address2, Country, State, City, Zipcode, Mobile Number\n13. Click 'Create Account button'\n14. Verify that 'ACCOUNT CREATED!' is visible\n15. Click 'Continue' button\n16. Verify that 'Logged in as username' is visible\n17. Click 'Delete Account' button\n18. Verify that 'ACCOUNT DELETED!' is visible and click 'Continue' button","steps":[],"attachments":[],"parameters":[],"start":1704824766473,"stop":1704824766476}